<?xml version="1.0" encoding="UTF-8" ?>
<testsuite errors="0" skipped="0" tests="6" time="1.045" failures="0" name="org.qi4j.entitystore.rmi.RmiEntityStoreTest">
  <properties>
    <property value="Java(TM) 2 Runtime Environment, Standard Edition" name="java.runtime.name"/>
    <property value="/System/Library/Frameworks/JavaVM.framework/Versions/1.5.0/Libraries" name="sun.boot.library.path"/>
    <property value="1.5.0_16-133" name="java.vm.version"/>
    <property value="true" name="awt.nativeDoubleBuffering"/>
    <property value="false" name="gopherProxySet"/>
    <property value="Apple Inc." name="java.vm.vendor"/>
    <property value="http://www.apple.com/" name="java.vendor.url"/>
    <property value=":" name="path.separator"/>
    <property value="Java HotSpot(TM) Client VM" name="java.vm.name"/>
    <property value="sun.io" name="file.encoding.pkg"/>
    <property value="US" name="user.country"/>
    <property value="SUN_STANDARD" name="sun.java.launcher"/>
    <property value="unknown" name="sun.os.patch.level"/>
    <property value="Java Virtual Machine Specification" name="java.vm.specification.name"/>
    <property value="/Users/niclas/dev/qi4j/qi4j-sandbox/extensions/entitystore-rmi" name="user.dir"/>
    <property value="1.5.0_16-b06-284" name="java.runtime.version"/>
    <property value="apple.awt.CGraphicsEnvironment" name="java.awt.graphicsenv"/>
    <property value="/Users/niclas/dev/qi4j/qi4j-sandbox/extensions/entitystore-rmi" name="basedir"/>
    <property value="/System/Library/Frameworks/JavaVM.framework/Versions/1.5.0/Home/lib/endorsed" name="java.endorsed.dirs"/>
    <property value="i386" name="os.arch"/>
    <property value="/tmp/surefirebooter53683.jar" name="surefire.real.class.path"/>
    <property value="/tmp" name="java.io.tmpdir"/>
    <property value="
" name="line.separator"/>
    <property value="Sun Microsystems Inc." name="java.vm.specification.vendor"/>
    <property value="Mac OS X" name="os.name"/>
    <property value="MacRoman" name="sun.jnu.encoding"/>
    <property value=".:/Users/niclas/Library/Java/Extensions:/Library/Java/Extensions:/System/Library/Java/Extensions:/usr/lib/java" name="java.library.path"/>
    <property value="/Users/niclas/dev/qi4j/qi4j-sandbox/extensions/entitystore-rmi/target/test-classes:/Users/niclas/dev/qi4j/qi4j-sandbox/extensions/entitystore-rmi/target/classes:/Users/niclas/.m2/repository/org/qi4j/core/qi4j-core-api/0.7/qi4j-core-api-0.7.jar:/Users/niclas/.m2/repository/org/qi4j/core/qi4j-core-spi/0.7/qi4j-core-spi-0.7.jar:/Users/niclas/.m2/repository/org/qi4j/core/qi4j-core-bootstrap/0.7/qi4j-core-bootstrap-0.7.jar:/Users/niclas/.m2/repository/org/qi4j/library/qi4j-lib-locking/0.7/qi4j-lib-locking-0.7.jar:/Users/niclas/.m2/repository/org/qi4j/core/qi4j-core-testsupport/0.7/qi4j-core-testsupport-0.7.jar:/Users/niclas/.m2/repository/junit/junit/4.5/junit-4.5.jar:/Users/niclas/.m2/repository/org/qi4j/core/qi4j-core-runtime/0.7/qi4j-core-runtime-0.7.jar:/Users/niclas/.m2/repository/cglib/cglib-nodep/2.1_3/cglib-nodep-2.1_3.jar:" name="surefire.test.class.path"/>
    <property value="Java Platform API Specification" name="java.specification.name"/>
    <property value="49.0" name="java.class.version"/>
    <property value="HotSpot Client Compiler" name="sun.management.compiler"/>
    <property value="10.5.6" name="os.version"/>
    <property value="local|*.local|169.254/16|*.169.254/16" name="http.nonProxyHosts"/>
    <property value="/Users/niclas" name="user.home"/>
    <property value="" name="user.timezone"/>
    <property value="apple.awt.CPrinterJob" name="java.awt.printerjob"/>
    <property value="1.5" name="java.specification.version"/>
    <property value="MacRoman" name="file.encoding"/>
    <property value="niclas" name="user.name"/>
    <property value="/Users/niclas/dev/qi4j/qi4j-sandbox/extensions/entitystore-rmi/target/test-classes:/Users/niclas/dev/qi4j/qi4j-sandbox/extensions/entitystore-rmi/target/classes:/Users/niclas/.m2/repository/org/qi4j/core/qi4j-core-api/0.7/qi4j-core-api-0.7.jar:/Users/niclas/.m2/repository/org/qi4j/core/qi4j-core-spi/0.7/qi4j-core-spi-0.7.jar:/Users/niclas/.m2/repository/org/qi4j/core/qi4j-core-bootstrap/0.7/qi4j-core-bootstrap-0.7.jar:/Users/niclas/.m2/repository/org/qi4j/library/qi4j-lib-locking/0.7/qi4j-lib-locking-0.7.jar:/Users/niclas/.m2/repository/org/qi4j/core/qi4j-core-testsupport/0.7/qi4j-core-testsupport-0.7.jar:/Users/niclas/.m2/repository/junit/junit/4.5/junit-4.5.jar:/Users/niclas/.m2/repository/org/qi4j/core/qi4j-core-runtime/0.7/qi4j-core-runtime-0.7.jar:/Users/niclas/.m2/repository/cglib/cglib-nodep/2.1_3/cglib-nodep-2.1_3.jar:" name="java.class.path"/>
    <property value="1.0" name="java.vm.specification.version"/>
    <property value="32" name="sun.arch.data.model"/>
    <property value="/System/Library/Frameworks/JavaVM.framework/Versions/1.5.0/Home" name="java.home"/>
    <property value="Sun Microsystems Inc." name="java.specification.vendor"/>
    <property value="en" name="user.language"/>
    <property value="apple.awt.CToolkit" name="awt.toolkit"/>
    <property value="mixed mode, sharing" name="java.vm.info"/>
    <property value="1.5.0_16" name="java.version"/>
    <property value="/Users/niclas/Library/Java/Extensions:/Library/Java/Extensions:/System/Library/Java/Extensions:/System/Library/Frameworks/JavaVM.framework/Versions/1.5.0/Home/lib/ext" name="java.ext.dirs"/>
    <property value="/System/Library/Frameworks/JavaVM.framework/Versions/1.5.0/Classes/classes.jar:/System/Library/Frameworks/JavaVM.framework/Versions/1.5.0/Classes/ui.jar:/System/Library/Frameworks/JavaVM.framework/Versions/1.5.0/Classes/laf.jar:/System/Library/Frameworks/JavaVM.framework/Versions/1.5.0/Classes/sunrsasign.jar:/System/Library/Frameworks/JavaVM.framework/Versions/1.5.0/Classes/jsse.jar:/System/Library/Frameworks/JavaVM.framework/Versions/1.5.0/Classes/jce.jar:/System/Library/Frameworks/JavaVM.framework/Versions/1.5.0/Classes/charsets.jar" name="sun.boot.class.path"/>
    <property value="Apple Inc." name="java.vendor"/>
    <property value="/Users/niclas/.m2/repository" name="localRepository"/>
    <property value="/" name="file.separator"/>
    <property value="http://bugreport.apple.com/" name="java.vendor.url.bug"/>
    <property value="little" name="sun.cpu.endian"/>
    <property value="UnicodeLittle" name="sun.io.unicode.encoding"/>
    <property value="1050.1.5.0_16-284" name="mrj.version"/>
    <property value="local|*.local|169.254/16|*.169.254/16" name="socksNonProxyHosts"/>
    <property value="local|*.local|169.254/16|*.169.254/16" name="ftp.nonProxyHosts"/>
    <property value="" name="sun.cpu.isalist"/>
  </properties>
  <testcase classname="org.qi4j.entitystore.rmi.RmiEntityStoreTest" time="0.56" name="whenNewEntityThenCanFindEntity"/>
  <testcase classname="org.qi4j.entitystore.rmi.RmiEntityStoreTest" time="0.087" name="whenRemovedEntityThenCannotFindEntity"/>
  <testcase classname="org.qi4j.entitystore.rmi.RmiEntityStoreTest" time="0.124" name="givenEntityIsNotModifiedWhenUnitOfWorkCompletesThenDontStoreState"/>
  <testcase classname="org.qi4j.entitystore.rmi.RmiEntityStoreTest" time="0.087" name="givenPropertyIsModifiedWhenUnitOfWorkCompletesThenStoreState"/>
  <testcase classname="org.qi4j.entitystore.rmi.RmiEntityStoreTest" time="0.064" name="givenManyAssociationIsModifiedWhenUnitOfWorkCompletesThenStoreState"/>
  <testcase classname="org.qi4j.entitystore.rmi.RmiEntityStoreTest" time="0.098" name="givenConcurrentUnitOfWorksWhenUoWCompletesThenCheckConcurrentModification"/>
</testsuite>